I'm sorry, but an uncaught exception occurred.

While running game code:
  File "game/scenario/salles/sas.rpy", line 302, in script call
    call CHECK_ALL_SALLES_VISITEES from _call_CHECK_ALL_SALLES_VISITEES_8
  File "game/scenario/2_canon.rpy", line 1046, in script call
    call START_FREE_TIME("_2_APRES_MIDI") from _call_START_FREE_TIME
  File "game/scenario/3_canon.rpy", line 126, in script
    kami sourire "Rendez-vous au Conclave à 14h ♥"
Exception: Say has image attributes ('sourire',), but there's no image tag associated with the speaking character.

-- Full Traceback ------------------------------------------------------------

Full traceback:
  File "game/scenario/salles/sas.rpy", line 302, in script call
    call CHECK_ALL_SALLES_VISITEES from _call_CHECK_ALL_SALLES_VISITEES_8
  File "game/scenario/2_canon.rpy", line 1046, in script call
    call START_FREE_TIME("_2_APRES_MIDI") from _call_START_FREE_TIME
  File "game/scenario/3_canon.rpy", line 126, in script
    kami sourire "Rendez-vous au Conclave à 14h ♥"
  File "C:\Users\fasqu\Desktop\renpy\renpy\ast.py", line 2586, in execute
    Say.execute(self)
  File "C:\Users\fasqu\Desktop\renpy\renpy\ast.py", line 623, in execute
    renpy.exports.say(who, what, *args, **kwargs)
  File "C:\Users\fasqu\Desktop\renpy\renpy\exports\sayexports.py", line 132, in say
    who(what, *args, **kwargs)
  File "C:\Users\fasqu\Desktop\renpy\renpy\character.py", line 1407, in __call__
    old_attr_state = self.handle_say_attributes(False, interact)
  File "C:\Users\fasqu\Desktop\renpy\renpy\character.py", line 1223, in handle_say_attributes
    if self.resolve_say_attributes(predicting, attrs):
  File "C:\Users\fasqu\Desktop\renpy\renpy\character.py", line 1149, in resolve_say_attributes
    raise Exception("Say has image attributes %r, but there's no image tag associated with the speaking character." % (attrs,))
Exception: Say has image attributes ('sourire',), but there's no image tag associated with the speaking character.

Windows-10-10.0.26200 AMD64
Ren'Py 8.3.7.25031702
kami desire 0.2
Sun Feb 15 13:21:23 2026
